<?xml version="1.0" encoding="UTF-8"?>
<!-- Generated by org.testng.reporters.JUnitReportReporter -->
<testsuite hostname="KANVIKA" failures="0" tests="3" name="com.testscenarios.TS002_JRI_Login" time="44.218" errors="0" timestamp="2023-02-08T19:01:10 EST" skipped="0">
  <testcase classname="com.testscenarios.TS002_JRI_Login" name="tc_11" time="3.768"/>
  <system-out/>
  <testcase classname="com.testscenarios.TS002_JRI_Login" name="tc_10" time="12.590"/>
  <system-out/>
  <testcase classname="com.testscenarios.TS002_JRI_Login" name="tc_16_to_19" time="27.860"/>
  <system-out/>
</testsuite> <!-- com.testscenarios.TS002_JRI_Login -->
