<?xml version="1.0" encoding="UTF-8"?>
<!-- Generated by org.testng.reporters.JUnitReportReporter -->
<testsuite hostname="KANVIKA" failures="0" tests="4" name="com.testscenarios.TS001_JRI_CreateAccount" time="73.966" errors="0" timestamp="2023-02-06T23:37:02 EST" skipped="0">
  <testcase classname="com.testscenarios.TS001_JRI_CreateAccount" name="tc_02" time="4.261"/>
  <system-out/>
  <testcase classname="com.testscenarios.TS001_JRI_CreateAccount" name="tc_03_to_tc_08" time="38.746"/>
  <system-out/>
  <testcase classname="com.testscenarios.TS001_JRI_CreateAccount" name="tc_01" time="14.620"/>
  <system-out/>
  <testcase classname="com.testscenarios.TS001_JRI_CreateAccount" name="tc_09" time="16.339"/>
  <system-out/>
</testsuite> <!-- com.testscenarios.TS001_JRI_CreateAccount -->
