<?xml version="1.0" encoding="UTF-8"?>
<!-- Generated by org.testng.reporters.JUnitReportReporter -->
<testsuite hostname="KANVIKA" failures="0" tests="4" name="com.testscenarios.TS002_JRI_Login" time="40.751" errors="0" timestamp="2023-02-05T17:01:06 EST" skipped="0">
  <testcase classname="com.testscenarios.TS002_JRI_Login" name="tc_13" time="21.735"/>
  <system-out/>
  <testcase classname="com.testscenarios.TS002_JRI_Login" name="tc_11" time="1.333"/>
  <system-out/>
  <testcase classname="com.testscenarios.TS002_JRI_Login" name="tc_10" time="14.881"/>
  <system-out/>
  <testcase classname="com.testscenarios.TS002_JRI_Login" name="tc_12" time="2.802"/>
  <system-out/>
</testsuite> <!-- com.testscenarios.TS002_JRI_Login -->
